<?xml version="1.0" encoding="UTF-8"?>
<!-- Generated by org.testng.reporters.JUnitXMLReporter -->
<testsuite hostname="Clinical-PC" ignored="0" name="CustomerTest" tests="1" failures="1" timestamp="2020-08-09T14:18:15 CDT" time="0.009" errors="0">
  <testcase name="@BeforeTest Login" time="-1.597000695766E9" classname="test.CustomerTest">
    <failure type="org.testng.TestNGException" message="
Parameter &amp;apos;Username&amp;apos; is required by BeforeTest on method Login but has not been marked @Optional or defined
in C:\Users\Siva J\eclipse-workspace\Spring2020\Homework_XML_weebly\Data\Login.xml">
      <![CDATA[org.testng.TestNGException: 
Parameter 'Username' is required by BeforeTest on method Login but has not been marked @Optional or defined
in C:\Users\Siva J\eclipse-workspace\Spring2020\Homework_XML_weebly\Data\Login.xml
... Removed 21 stack frames]]>
    </failure>
  </testcase> <!-- @BeforeTest Login -->
  <testcase name="Login" time="0.0" classname="test.CustomerTest">
    <failure type="org.testng.TestNGException" message="
Parameter &amp;apos;Username&amp;apos; is required by @Test on method Login but has not been marked @Optional or defined
in C:\Users\Siva J\eclipse-workspace\Spring2020\Homework_XML_weebly\Data\Login.xml">
      <![CDATA[org.testng.TestNGException: 
Parameter 'Username' is required by @Test on method Login but has not been marked @Optional or defined
in C:\Users\Siva J\eclipse-workspace\Spring2020\Homework_XML_weebly\Data\Login.xml
at java.util.ArrayList.forEach(ArrayList.java:1257)
... Removed 26 stack frames]]>
    </failure>
  </testcase> <!-- Login -->
</testsuite> <!-- CustomerTest -->
